Arguments: 
  /usr/bin/node /usr/share/yarn/bin/yarn.js add bootstrap --dev

PATH: 
  /home/gauvain/bin:/home/gauvain/.local/bin:/home/gauvain/bin:/home/gauvain/.local/bin:/usr/local/sbin:/usr/local/bin:/usr/sbin:/usr/bin:/sbin:/bin:/usr/games:/usr/local/games:/snap/bin

Yarn version: 
  1.12.1

Node version: 
  8.10.0

Platform: 
  linux x64

Trace: 
  Error: getaddrinfo ENOTFOUND registry.yarnpkg.com registry.yarnpkg.com:443
      at errnoException (dns.js:50:10)
      at GetAddrInfoReqWrap.onlookup [as oncomplete] (dns.js:92:26)

npm manifest: 
  No manifest

yarn manifest: 
  No manifest

Lockfile: 
  No lockfile
